

Started GET "/" for ::1 at 2015-07-27 09:59:35 -0400
Processing by Rails::WelcomeController#index as HTML
  Rendered /Users/saratibbetts/.rvm/gems/ruby-2.2.1/gems/railties-4.2.0/lib/rails/templates/rails/welcome/index.html.erb (16.5ms)
Completed 200 OK in 53ms (Views: 41.6ms | ActiveRecord: 0.0ms)


Started GET "/" for ::1 at 2015-07-27 10:07:10 -0400

AbstractController::ActionNotFound (The action 'index' could not be found for ApplicationController):
  actionpack (4.2.0) lib/abstract_controller/base.rb:132:in `process'
  actionview (4.2.0) lib/action_view/rendering.rb:30:in `process'
  actionpack (4.2.0) lib/action_controller/metal.rb:195:in `dispatch'
  actionpack (4.2.0) lib/action_controller/metal/rack_delegation.rb:13:in `dispatch'
  actionpack (4.2.0) lib/action_controller/metal.rb:236:in `block in action'
  actionpack (4.2.0) lib/action_dispatch/routing/route_set.rb:73:in `call'
  actionpack (4.2.0) lib/action_dispatch/routing/route_set.rb:73:in `dispatch'
  actionpack (4.2.0) lib/action_dispatch/routing/route_set.rb:42:in `serve'
  actionpack (4.2.0) lib/action_dispatch/journey/router.rb:43:in `block in serve'
  actionpack (4.2.0) lib/action_dispatch/journey/router.rb:30:in `each'
  actionpack (4.2.0) lib/action_dispatch/journey/router.rb:30:in `serve'
  actionpack (4.2.0) lib/action_dispatch/routing/route_set.rb:802:in `call'
  rack (1.6.4) lib/rack/etag.rb:24:in `call'
  rack (1.6.4) lib/rack/conditionalget.rb:25:in `call'
  rack (1.6.4) lib/rack/head.rb:13:in `call'
  actionpack (4.2.0) lib/action_dispatch/middleware/params_parser.rb:27:in `call'
  actionpack (4.2.0) lib/action_dispatch/middleware/flash.rb:260:in `call'
  rack (1.6.4) lib/rack/session/abstract/id.rb:225:in `context'
  rack (1.6.4) lib/rack/session/abstract/id.rb:220:in `call'
  actionpack (4.2.0) lib/action_dispatch/middleware/cookies.rb:560:in `call'
  activerecord (4.2.0) lib/active_record/query_cache.rb:36:in `call'
  activerecord (4.2.0) lib/active_record/connection_adapters/abstract/connection_pool.rb:647:in `call'
  activerecord (4.2.0) lib/active_record/migration.rb:378:in `call'
  actionpack (4.2.0) lib/action_dispatch/middleware/callbacks.rb:29:in `block in call'
  activesupport (4.2.0) lib/active_support/callbacks.rb:88:in `call'
  activesupport (4.2.0) lib/active_support/callbacks.rb:88:in `_run_callbacks'
  activesupport (4.2.0) lib/active_support/callbacks.rb:734:in `_run_call_callbacks'
  activesupport (4.2.0) lib/active_support/callbacks.rb:81:in `run_callbacks'
  actionpack (4.2.0) lib/action_dispatch/middleware/callbacks.rb:27:in `call'
  actionpack (4.2.0) lib/action_dispatch/middleware/reloader.rb:73:in `call'
  actionpack (4.2.0) lib/action_dispatch/middleware/remote_ip.rb:78:in `call'
  actionpack (4.2.0) lib/action_dispatch/middleware/debug_exceptions.rb:17:in `call'
  web-console (2.2.1) lib/web_console/middleware.rb:39:in `call'
  actionpack (4.2.0) lib/action_dispatch/middleware/show_exceptions.rb:30:in `call'
  railties (4.2.0) lib/rails/rack/logger.rb:38:in `call_app'
  railties (4.2.0) lib/rails/rack/logger.rb:20:in `block in call'
  activesupport (4.2.0) lib/active_support/tagged_logging.rb:68:in `block in tagged'
  activesupport (4.2.0) lib/active_support/tagged_logging.rb:26:in `tagged'
  activesupport (4.2.0) lib/active_support/tagged_logging.rb:68:in `tagged'
  railties (4.2.0) lib/rails/rack/logger.rb:20:in `call'
  actionpack (4.2.0) lib/action_dispatch/middleware/request_id.rb:21:in `call'
  rack (1.6.4) lib/rack/methodoverride.rb:22:in `call'
  rack (1.6.4) lib/rack/runtime.rb:18:in `call'
  activesupport (4.2.0) lib/active_support/cache/strategy/local_cache_middleware.rb:28:in `call'
  rack (1.6.4) lib/rack/lock.rb:17:in `call'
  actionpack (4.2.0) lib/action_dispatch/middleware/static.rb:113:in `call'
  rack (1.6.4) lib/rack/sendfile.rb:113:in `call'
  railties (4.2.0) lib/rails/engine.rb:518:in `call'
  railties (4.2.0) lib/rails/application.rb:164:in `call'
  rack (1.6.4) lib/rack/lock.rb:17:in `call'
  rack (1.6.4) lib/rack/content_length.rb:15:in `call'
  rack (1.6.4) lib/rack/handler/webrick.rb:88:in `service'
  /Users/saratibbetts/.rvm/rubies/ruby-2.2.1/lib/ruby/2.2.0/webrick/httpserver.rb:138:in `service'
  /Users/saratibbetts/.rvm/rubies/ruby-2.2.1/lib/ruby/2.2.0/webrick/httpserver.rb:94:in `run'
  /Users/saratibbetts/.rvm/rubies/ruby-2.2.1/lib/ruby/2.2.0/webrick/server.rb:294:in `block in start_thread'


  Rendered /Users/saratibbetts/.rvm/gems/ruby-2.2.1/gems/actionpack-4.2.0/lib/action_dispatch/middleware/templates/rescues/unknown_action.html.erb within rescues/layout (0.6ms)
  Rendered /Users/saratibbetts/.rvm/gems/ruby-2.2.1/gems/web-console-2.2.1/lib/web_console/templates/_markup.html.erb (0.7ms)
  Rendered /Users/saratibbetts/.rvm/gems/ruby-2.2.1/gems/web-console-2.2.1/lib/web_console/templates/_inner_console_markup.html.erb within layouts/inlined_string (0.4ms)
  Rendered /Users/saratibbetts/.rvm/gems/ruby-2.2.1/gems/web-console-2.2.1/lib/web_console/templates/_prompt_box_markup.html.erb within layouts/inlined_string (0.3ms)
  Rendered /Users/saratibbetts/.rvm/gems/ruby-2.2.1/gems/web-console-2.2.1/lib/web_console/templates/style.css.erb within layouts/inlined_string (0.3ms)
  Rendered /Users/saratibbetts/.rvm/gems/ruby-2.2.1/gems/web-console-2.2.1/lib/web_console/templates/console.js.erb within layouts/javascript (53.5ms)
  Rendered /Users/saratibbetts/.rvm/gems/ruby-2.2.1/gems/web-console-2.2.1/lib/web_console/templates/main.js.erb within layouts/javascript (0.7ms)
  Rendered /Users/saratibbetts/.rvm/gems/ruby-2.2.1/gems/web-console-2.2.1/lib/web_console/templates/error_page.js.erb within layouts/javascript (0.4ms)
  Rendered /Users/saratibbetts/.rvm/gems/ruby-2.2.1/gems/web-console-2.2.1/lib/web_console/templates/index.html.erb (133.8ms)


Started GET "/" for ::1 at 2015-07-27 10:07:37 -0400

ActionController::RoutingError (undefined method `get' for ApplicationController:Class):
  app/controllers/application_controller.rb:6:in `<class:ApplicationController>'
  app/controllers/application_controller.rb:1:in `<top (required)>'


  Rendered /Users/saratibbetts/.rvm/gems/ruby-2.2.1/gems/actionpack-4.2.0/lib/action_dispatch/middleware/templates/rescues/_trace.html.erb (3.4ms)
  Rendered /Users/saratibbetts/.rvm/gems/ruby-2.2.1/gems/actionpack-4.2.0/lib/action_dispatch/middleware/templates/routes/_route.html.erb (1.2ms)
  Rendered /Users/saratibbetts/.rvm/gems/ruby-2.2.1/gems/actionpack-4.2.0/lib/action_dispatch/middleware/templates/routes/_table.html.erb (16.0ms)
  Rendered /Users/saratibbetts/.rvm/gems/ruby-2.2.1/gems/actionpack-4.2.0/lib/action_dispatch/middleware/templates/rescues/_request_and_response.html.erb (2.3ms)
  Rendered /Users/saratibbetts/.rvm/gems/ruby-2.2.1/gems/actionpack-4.2.0/lib/action_dispatch/middleware/templates/rescues/routing_error.html.erb within rescues/layout (108.7ms)
  Rendered /Users/saratibbetts/.rvm/gems/ruby-2.2.1/gems/web-console-2.2.1/lib/web_console/templates/_markup.html.erb (0.4ms)
  Rendered /Users/saratibbetts/.rvm/gems/ruby-2.2.1/gems/web-console-2.2.1/lib/web_console/templates/_inner_console_markup.html.erb within layouts/inlined_string (0.3ms)
  Rendered /Users/saratibbetts/.rvm/gems/ruby-2.2.1/gems/web-console-2.2.1/lib/web_console/templates/_prompt_box_markup.html.erb within layouts/inlined_string (0.3ms)
  Rendered /Users/saratibbetts/.rvm/gems/ruby-2.2.1/gems/web-console-2.2.1/lib/web_console/templates/style.css.erb within layouts/inlined_string (0.6ms)
  Rendered /Users/saratibbetts/.rvm/gems/ruby-2.2.1/gems/web-console-2.2.1/lib/web_console/templates/console.js.erb within layouts/javascript (49.5ms)
  Rendered /Users/saratibbetts/.rvm/gems/ruby-2.2.1/gems/web-console-2.2.1/lib/web_console/templates/main.js.erb within layouts/javascript (0.4ms)
  Rendered /Users/saratibbetts/.rvm/gems/ruby-2.2.1/gems/web-console-2.2.1/lib/web_console/templates/error_page.js.erb within layouts/javascript (0.5ms)
  Rendered /Users/saratibbetts/.rvm/gems/ruby-2.2.1/gems/web-console-2.2.1/lib/web_console/templates/index.html.erb (116.7ms)


Started GET "/" for ::1 at 2015-07-27 10:07:37 -0400

ActionController::RoutingError (undefined method `get' for ApplicationController:Class):
  app/controllers/application_controller.rb:6:in `<class:ApplicationController>'
  app/controllers/application_controller.rb:1:in `<top (required)>'


  Rendered /Users/saratibbetts/.rvm/gems/ruby-2.2.1/gems/actionpack-4.2.0/lib/action_dispatch/middleware/templates/rescues/_trace.html.erb (2.2ms)
  Rendered /Users/saratibbetts/.rvm/gems/ruby-2.2.1/gems/actionpack-4.2.0/lib/action_dispatch/middleware/templates/routes/_route.html.erb (1.0ms)
  Rendered /Users/saratibbetts/.rvm/gems/ruby-2.2.1/gems/actionpack-4.2.0/lib/action_dispatch/middleware/templates/routes/_table.html.erb (2.1ms)
  Rendered /Users/saratibbetts/.rvm/gems/ruby-2.2.1/gems/actionpack-4.2.0/lib/action_dispatch/middleware/templates/rescues/_request_and_response.html.erb (1.1ms)
  Rendered /Users/saratibbetts/.rvm/gems/ruby-2.2.1/gems/actionpack-4.2.0/lib/action_dispatch/middleware/templates/rescues/routing_error.html.erb within rescues/layout (76.5ms)
  Rendered /Users/saratibbetts/.rvm/gems/ruby-2.2.1/gems/web-console-2.2.1/lib/web_console/templates/_markup.html.erb (0.4ms)
  Rendered /Users/saratibbetts/.rvm/gems/ruby-2.2.1/gems/web-console-2.2.1/lib/web_console/templates/_inner_console_markup.html.erb within layouts/inlined_string (4.2ms)
  Rendered /Users/saratibbetts/.rvm/gems/ruby-2.2.1/gems/web-console-2.2.1/lib/web_console/templates/_prompt_box_markup.html.erb within layouts/inlined_string (0.3ms)
  Rendered /Users/saratibbetts/.rvm/gems/ruby-2.2.1/gems/web-console-2.2.1/lib/web_console/templates/style.css.erb within layouts/inlined_string (0.3ms)
  Rendered /Users/saratibbetts/.rvm/gems/ruby-2.2.1/gems/web-console-2.2.1/lib/web_console/templates/console.js.erb within layouts/javascript (50.9ms)
  Rendered /Users/saratibbetts/.rvm/gems/ruby-2.2.1/gems/web-console-2.2.1/lib/web_console/templates/main.js.erb within layouts/javascript (0.3ms)
  Rendered /Users/saratibbetts/.rvm/gems/ruby-2.2.1/gems/web-console-2.2.1/lib/web_console/templates/error_page.js.erb within layouts/javascript (0.4ms)
  Rendered /Users/saratibbetts/.rvm/gems/ruby-2.2.1/gems/web-console-2.2.1/lib/web_console/templates/index.html.erb (107.2ms)


Started GET "/" for ::1 at 2015-07-27 10:08:52 -0400
Processing by ApplicationController#index as HTML
Completed 500 Internal Server Error in 5ms

ActionView::MissingTemplate (Missing template application/index with {:locale=>[:en], :formats=>[:html], :variants=>[], :handlers=>[:erb, :builder, :raw, :ruby, :coffee, :jbuilder]}. Searched in:
  * "/Users/saratibbetts/Flatiron-School/Lumensee/app/views"
):
  actionview (4.2.0) lib/action_view/path_set.rb:46:in `find'
  actionview (4.2.0) lib/action_view/lookup_context.rb:121:in `find'
  actionview (4.2.0) lib/action_view/renderer/abstract_renderer.rb:18:in `find_template'
  actionview (4.2.0) lib/action_view/renderer/template_renderer.rb:40:in `determine_template'
  actionview (4.2.0) lib/action_view/renderer/template_renderer.rb:8:in `render'
  actionview (4.2.0) lib/action_view/renderer/renderer.rb:42:in `render_template'
  actionview (4.2.0) lib/action_view/renderer/renderer.rb:23:in `render'
  actionview (4.2.0) lib/action_view/rendering.rb:100:in `_render_template'
  actionpack (4.2.0) lib/action_controller/metal/streaming.rb:217:in `_render_template'
  actionview (4.2.0) lib/action_view/rendering.rb:83:in `render_to_body'
  actionpack (4.2.0) lib/action_controller/metal/rendering.rb:32:in `render_to_body'
  actionpack (4.2.0) lib/action_controller/metal/renderers.rb:37:in `render_to_body'
  actionpack (4.2.0) lib/abstract_controller/rendering.rb:25:in `render'
  actionpack (4.2.0) lib/action_controller/metal/rendering.rb:16:in `render'
  actionpack (4.2.0) lib/action_controller/metal/instrumentation.rb:41:in `block (2 levels) in render'
  activesupport (4.2.0) lib/active_support/core_ext/benchmark.rb:12:in `block in ms'
  /Users/saratibbetts/.rvm/rubies/ruby-2.2.1/lib/ruby/2.2.0/benchmark.rb:303:in `realtime'
  activesupport (4.2.0) lib/active_support/core_ext/benchmark.rb:12:in `ms'
  actionpack (4.2.0) lib/action_controller/metal/instrumentation.rb:41:in `block in render'
  actionpack (4.2.0) lib/action_controller/metal/instrumentation.rb:84:in `cleanup_view_runtime'
  activerecord (4.2.0) lib/active_record/railties/controller_runtime.rb:25:in `cleanup_view_runtime'
  actionpack (4.2.0) lib/action_controller/metal/instrumentation.rb:40:in `render'
  actionpack (4.2.0) lib/action_controller/metal/implicit_render.rb:10:in `default_render'
  actionpack (4.2.0) lib/action_controller/metal/implicit_render.rb:5:in `send_action'
  actionpack (4.2.0) lib/abstract_controller/base.rb:198:in `process_action'
  actionpack (4.2.0) lib/action_controller/metal/rendering.rb:10:in `process_action'
  actionpack (4.2.0) lib/abstract_controller/callbacks.rb:20:in `block in process_action'
  activesupport (4.2.0) lib/active_support/callbacks.rb:117:in `call'
  activesupport (4.2.0) lib/active_support/callbacks.rb:117:in `call'
  activesupport (4.2.0) lib/active_support/callbacks.rb:234:in `block in halting'
  activesupport (4.2.0) lib/active_support/callbacks.rb:234:in `call'
  activesupport (4.2.0) lib/active_support/callbacks.rb:234:in `block in halting'
  activesupport (4.2.0) lib/active_support/callbacks.rb:169:in `call'
  activesupport (4.2.0) lib/active_support/callbacks.rb:169:in `block in halting'
  activesupport (4.2.0) lib/active_support/callbacks.rb:169:in `call'
  activesupport (4.2.0) lib/active_support/callbacks.rb:169:in `block in halting'
  activesupport (4.2.0) lib/active_support/callbacks.rb:169:in `call'
  activesupport (4.2.0) lib/active_support/callbacks.rb:169:in `block in halting'
  activesupport (4.2.0) lib/active_support/callbacks.rb:92:in `call'
  activesupport (4.2.0) lib/active_support/callbacks.rb:92:in `_run_callbacks'
  activesupport (4.2.0) lib/active_support/callbacks.rb:734:in `_run_process_action_callbacks'
  activesupport (4.2.0) lib/active_support/callbacks.rb:81:in `run_callbacks'
  actionpack (4.2.0) lib/abstract_controller/callbacks.rb:19:in `process_action'
  actionpack (4.2.0) lib/action_controller/metal/rescue.rb:29:in `process_action'
  actionpack (4.2.0) lib/action_controller/metal/instrumentation.rb:31:in `block in process_action'
  activesupport (4.2.0) lib/active_support/notifications.rb:164:in `block in instrument'
  activesupport (4.2.0) lib/active_support/notifications/instrumenter.rb:20:in `instrument'
  activesupport (4.2.0) lib/active_support/notifications.rb:164:in `instrument'
  actionpack (4.2.0) lib/action_controller/metal/instrumentation.rb:30:in `process_action'
  actionpack (4.2.0) lib/action_controller/metal/params_wrapper.rb:250:in `process_action'
  activerecord (4.2.0) lib/active_record/railties/controller_runtime.rb:18:in `process_action'
  actionpack (4.2.0) lib/abstract_controller/base.rb:137:in `process'
  actionview (4.2.0) lib/action_view/rendering.rb:30:in `process'
  actionpack (4.2.0) lib/action_controller/metal.rb:195:in `dispatch'
  actionpack (4.2.0) lib/action_controller/metal/rack_delegation.rb:13:in `dispatch'
  actionpack (4.2.0) lib/action_controller/metal.rb:236:in `block in action'
  actionpack (4.2.0) lib/action_dispatch/routing/route_set.rb:73:in `call'
  actionpack (4.2.0) lib/action_dispatch/routing/route_set.rb:73:in `dispatch'
  actionpack (4.2.0) lib/action_dispatch/routing/route_set.rb:42:in `serve'
  actionpack (4.2.0) lib/action_dispatch/journey/router.rb:43:in `block in serve'
  actionpack (4.2.0) lib/action_dispatch/journey/router.rb:30:in `each'
  actionpack (4.2.0) lib/action_dispatch/journey/router.rb:30:in `serve'
  actionpack (4.2.0) lib/action_dispatch/routing/route_set.rb:802:in `call'
  rack (1.6.4) lib/rack/etag.rb:24:in `call'
  rack (1.6.4) lib/rack/conditionalget.rb:25:in `call'
  rack (1.6.4) lib/rack/head.rb:13:in `call'
  actionpack (4.2.0) lib/action_dispatch/middleware/params_parser.rb:27:in `call'
  actionpack (4.2.0) lib/action_dispatch/middleware/flash.rb:260:in `call'
  rack (1.6.4) lib/rack/session/abstract/id.rb:225:in `context'
  rack (1.6.4) lib/rack/session/abstract/id.rb:220:in `call'
  actionpack (4.2.0) lib/action_dispatch/middleware/cookies.rb:560:in `call'
  activerecord (4.2.0) lib/active_record/query_cache.rb:36:in `call'
  activerecord (4.2.0) lib/active_record/connection_adapters/abstract/connection_pool.rb:647:in `call'
  activerecord (4.2.0) lib/active_record/migration.rb:378:in `call'
  actionpack (4.2.0) lib/action_dispatch/middleware/callbacks.rb:29:in `block in call'
  activesupport (4.2.0) lib/active_support/callbacks.rb:88:in `call'
  activesupport (4.2.0) lib/active_support/callbacks.rb:88:in `_run_callbacks'
  activesupport (4.2.0) lib/active_support/callbacks.rb:734:in `_run_call_callbacks'
  activesupport (4.2.0) lib/active_support/callbacks.rb:81:in `run_callbacks'
  actionpack (4.2.0) lib/action_dispatch/middleware/callbacks.rb:27:in `call'
  actionpack (4.2.0) lib/action_dispatch/middleware/reloader.rb:73:in `call'
  actionpack (4.2.0) lib/action_dispatch/middleware/remote_ip.rb:78:in `call'
  actionpack (4.2.0) lib/action_dispatch/middleware/debug_exceptions.rb:17:in `call'
  web-console (2.2.1) lib/web_console/middleware.rb:39:in `call'
  actionpack (4.2.0) lib/action_dispatch/middleware/show_exceptions.rb:30:in `call'
  railties (4.2.0) lib/rails/rack/logger.rb:38:in `call_app'
  railties (4.2.0) lib/rails/rack/logger.rb:20:in `block in call'
  activesupport (4.2.0) lib/active_support/tagged_logging.rb:68:in `block in tagged'
  activesupport (4.2.0) lib/active_support/tagged_logging.rb:26:in `tagged'
  activesupport (4.2.0) lib/active_support/tagged_logging.rb:68:in `tagged'
  railties (4.2.0) lib/rails/rack/logger.rb:20:in `call'
  actionpack (4.2.0) lib/action_dispatch/middleware/request_id.rb:21:in `call'
  rack (1.6.4) lib/rack/methodoverride.rb:22:in `call'
  rack (1.6.4) lib/rack/runtime.rb:18:in `call'
  activesupport (4.2.0) lib/active_support/cache/strategy/local_cache_middleware.rb:28:in `call'
  rack (1.6.4) lib/rack/lock.rb:17:in `call'
  actionpack (4.2.0) lib/action_dispatch/middleware/static.rb:113:in `call'
  rack (1.6.4) lib/rack/sendfile.rb:113:in `call'
  railties (4.2.0) lib/rails/engine.rb:518:in `call'
  railties (4.2.0) lib/rails/application.rb:164:in `call'
  rack (1.6.4) lib/rack/lock.rb:17:in `call'
  rack (1.6.4) lib/rack/content_length.rb:15:in `call'
  rack (1.6.4) lib/rack/handler/webrick.rb:88:in `service'
  /Users/saratibbetts/.rvm/rubies/ruby-2.2.1/lib/ruby/2.2.0/webrick/httpserver.rb:138:in `service'
  /Users/saratibbetts/.rvm/rubies/ruby-2.2.1/lib/ruby/2.2.0/webrick/httpserver.rb:94:in `run'
  /Users/saratibbetts/.rvm/rubies/ruby-2.2.1/lib/ruby/2.2.0/webrick/server.rb:294:in `block in start_thread'


  Rendered /Users/saratibbetts/.rvm/gems/ruby-2.2.1/gems/actionpack-4.2.0/lib/action_dispatch/middleware/templates/rescues/_source.erb (10.5ms)
  Rendered /Users/saratibbetts/.rvm/gems/ruby-2.2.1/gems/actionpack-4.2.0/lib/action_dispatch/middleware/templates/rescues/_trace.html.erb (2.8ms)
  Rendered /Users/saratibbetts/.rvm/gems/ruby-2.2.1/gems/actionpack-4.2.0/lib/action_dispatch/middleware/templates/rescues/_request_and_response.html.erb (1.1ms)
  Rendered /Users/saratibbetts/.rvm/gems/ruby-2.2.1/gems/actionpack-4.2.0/lib/action_dispatch/middleware/templates/rescues/missing_template.html.erb within rescues/layout (68.5ms)
  Rendered /Users/saratibbetts/.rvm/gems/ruby-2.2.1/gems/web-console-2.2.1/lib/web_console/templates/_markup.html.erb (0.8ms)
  Rendered /Users/saratibbetts/.rvm/gems/ruby-2.2.1/gems/web-console-2.2.1/lib/web_console/templates/_inner_console_markup.html.erb within layouts/inlined_string (0.8ms)
  Rendered /Users/saratibbetts/.rvm/gems/ruby-2.2.1/gems/web-console-2.2.1/lib/web_console/templates/_prompt_box_markup.html.erb within layouts/inlined_string (0.7ms)
  Rendered /Users/saratibbetts/.rvm/gems/ruby-2.2.1/gems/web-console-2.2.1/lib/web_console/templates/style.css.erb within layouts/inlined_string (0.4ms)
  Rendered /Users/saratibbetts/.rvm/gems/ruby-2.2.1/gems/web-console-2.2.1/lib/web_console/templates/console.js.erb within layouts/javascript (53.4ms)
  Rendered /Users/saratibbetts/.rvm/gems/ruby-2.2.1/gems/web-console-2.2.1/lib/web_console/templates/main.js.erb within layouts/javascript (0.4ms)
  Rendered /Users/saratibbetts/.rvm/gems/ruby-2.2.1/gems/web-console-2.2.1/lib/web_console/templates/error_page.js.erb within layouts/javascript (0.4ms)
  Rendered /Users/saratibbetts/.rvm/gems/ruby-2.2.1/gems/web-console-2.2.1/lib/web_console/templates/index.html.erb (115.6ms)


Started GET "/" for ::1 at 2015-07-27 10:10:04 -0400
Processing by ApplicationController#index as HTML
  Rendered application/index.html.erb within layouts/application (0.3ms)
Completed 200 OK in 1804ms (Views: 1803.9ms | ActiveRecord: 0.0ms)


Started GET "/" for ::1 at 2015-07-27 10:10:06 -0400
Processing by ApplicationController#index as HTML
  Rendered application/index.html.erb within layouts/application (0.1ms)
Completed 200 OK in 63ms (Views: 62.7ms | ActiveRecord: 0.0ms)


Started GET "/assets/application.self-e80e8f2318043e8af94dddc2adad5a4f09739a8ebb323b3ab31cd71d45fd9113.css?body=1" for ::1 at 2015-07-27 10:10:06 -0400


Started GET "/assets/jquery.self-d03a5518f45df77341bdbe6201ba3bfa547ebba8ed64f0ea56bfa5f96ea7c074.js?body=1" for ::1 at 2015-07-27 10:10:06 -0400


Started GET "/assets/get_location.self-43ae2b2850f4b8ab1b5fc75dae0a007c446361791284516a19e37c3e8decae99.js?body=1" for ::1 at 2015-07-27 10:10:06 -0400


Started GET "/assets/jquery_ujs.self-ca5248a2fad13d6bd58ea121318d642f195f0b2dd818b30615f785ff365e8d1f.js?body=1" for ::1 at 2015-07-27 10:10:06 -0400


Started GET "/assets/turbolinks.self-c37727e9bd6b2735da5c311aa83fead54ed0be6cc8bd9a65309e9c5abe2cbfff.js?body=1" for ::1 at 2015-07-27 10:10:06 -0400


Started GET "/assets/application.self-3a3c8b61bda630ee689740ce7cbd0dd8ea6fdd45e2c42eef4661ab38cf268afe.js?body=1" for ::1 at 2015-07-27 10:10:06 -0400


Started GET "/" for ::1 at 2015-07-27 10:12:46 -0400
Processing by ApplicationController#index as HTML
  Rendered application/index.html.erb within layouts/application (0.1ms)
Completed 200 OK in 155ms (Views: 153.3ms | ActiveRecord: 0.0ms)


Started GET "/assets/application.self-e80e8f2318043e8af94dddc2adad5a4f09739a8ebb323b3ab31cd71d45fd9113.css?body=1" for ::1 at 2015-07-27 10:12:46 -0400


Started GET "/assets/jquery.self-d03a5518f45df77341bdbe6201ba3bfa547ebba8ed64f0ea56bfa5f96ea7c074.js?body=1" for ::1 at 2015-07-27 10:12:46 -0400


Started GET "/assets/jquery_ujs.self-ca5248a2fad13d6bd58ea121318d642f195f0b2dd818b30615f785ff365e8d1f.js?body=1" for ::1 at 2015-07-27 10:12:46 -0400


Started GET "/assets/get_location.self-9a12f3c96b13674650d2fae67f35818777c575119f8a8fbbb1f15b1e637484b8.js?body=1" for ::1 at 2015-07-27 10:12:46 -0400


Started GET "/assets/turbolinks.self-c37727e9bd6b2735da5c311aa83fead54ed0be6cc8bd9a65309e9c5abe2cbfff.js?body=1" for ::1 at 2015-07-27 10:12:46 -0400


Started GET "/assets/application.self-3a3c8b61bda630ee689740ce7cbd0dd8ea6fdd45e2c42eef4661ab38cf268afe.js?body=1" for ::1 at 2015-07-27 10:12:46 -0400


Started GET "/" for ::1 at 2015-07-27 10:12:50 -0400
Processing by ApplicationController#index as HTML
  Rendered application/index.html.erb within layouts/application (0.1ms)
Completed 200 OK in 58ms (Views: 57.8ms | ActiveRecord: 0.0ms)


Started GET "/assets/jquery.self-d03a5518f45df77341bdbe6201ba3bfa547ebba8ed64f0ea56bfa5f96ea7c074.js?body=1" for ::1 at 2015-07-27 10:12:50 -0400


Started GET "/assets/application.self-3a3c8b61bda630ee689740ce7cbd0dd8ea6fdd45e2c42eef4661ab38cf268afe.js?body=1" for ::1 at 2015-07-27 10:12:50 -0400


Started GET "/assets/get_location.self-9a12f3c96b13674650d2fae67f35818777c575119f8a8fbbb1f15b1e637484b8.js?body=1" for ::1 at 2015-07-27 10:12:50 -0400


Started GET "/assets/turbolinks.self-c37727e9bd6b2735da5c311aa83fead54ed0be6cc8bd9a65309e9c5abe2cbfff.js?body=1" for ::1 at 2015-07-27 10:12:50 -0400


Started GET "/assets/jquery_ujs.self-ca5248a2fad13d6bd58ea121318d642f195f0b2dd818b30615f785ff365e8d1f.js?body=1" for ::1 at 2015-07-27 10:12:50 -0400


Started GET "/assets/application.self-e80e8f2318043e8af94dddc2adad5a4f09739a8ebb323b3ab31cd71d45fd9113.css?body=1" for ::1 at 2015-07-27 10:12:50 -0400
